2025-05-04T08:37:56.513Z - Successfully scraped 3V Gear Paratus
2025-05-04T08:38:36.728Z - Successfully scraped 3V Gear Velox II
2025-05-04T08:39:22.630Z - Successfully scraped Able Carry Daily
2025-05-04T08:40:03.373Z - Successfully scraped Able Carry Max
2025-05-04T08:40:54.354Z - Successfully scraped Aer City Pack Pro
2025-05-04T08:41:48.583Z - Successfully scraped Aer Flight Pack 3
2025-05-04T08:42:37.319Z - Successfully scraped Aer Travel Pack 3 Small
2025-05-04T08:43:29.151Z - Successfully scraped Aer Travel Pack 3 X-Pac
2025-05-04T08:44:05.260Z - Successfully scraped Alchemy Equipment 30L Zip Access
2025-05-04T08:44:38.265Z - Successfully scraped Alchemy Equipment 35L Roll Top
2025-05-04T08:45:18.367Z - Successfully scraped Almond Oak Backpack
2025-05-04T08:46:01.433Z - Successfully scraped Almond Oak Travel Pack
2025-05-04T08:46:28.654Z - Successfully scraped Alpaka Elements Backpack Pro
2025-05-04T08:47:10.449Z - Successfully scraped Alpaka Go Sling Pro
2025-05-04T08:47:45.539Z - Successfully scraped Alpha One Niner Whitley
2025-05-04T08:48:24.296Z - Successfully scraped Arc'teryx Granville 16
2025-05-04T08:49:04.710Z - Successfully scraped Arc'teryx Granville 25
2025-05-04T08:49:43.676Z - Successfully scraped Axiom Gear 24L
2025-05-04T08:50:05.664Z - Successfully scraped Axiom Gear 36L
2025-05-04T08:50:43.568Z - Successfully scraped Bellroy Apex Backpack
2025-05-04T08:51:24.914Z - Successfully scraped Bellroy Classic Backpack Plus
2025-05-04T08:51:58.595Z - Successfully scraped Bellroy Lite Daypack
2025-05-04T08:52:30.455Z - Successfully scraped Bellroy Lite Travel Backpack 30L
2025-05-04T08:53:05.734Z - Successfully scraped Bellroy Lite Travel Backpack 38L
2025-05-04T08:54:01.690Z - Successfully scraped Bellroy Studio Backpack
2025-05-04T08:54:37.620Z - Successfully scraped Bellroy Tokyo Totepack
2025-05-04T08:55:15.021Z - Successfully scraped Bellroy Transit Backpack
2025-05-04T08:55:52.858Z - Successfully scraped Bellroy Transit Backpack 28L
2025-05-04T08:56:33.960Z - Successfully scraped Bellroy Transit Backpack Plus
2025-05-04T08:57:15.240Z - Successfully scraped Bellroy Transit Duffel
2025-05-04T08:57:49.545Z - Successfully scraped Bellroy Transit Duffel 40L
2025-05-04T08:58:16.876Z - Successfully scraped Bellroy Transit Duffel 60L
2025-05-04T08:58:52.962Z - Successfully scraped Bellroy Transit Workpack
2025-05-04T08:59:28.865Z - Successfully scraped Bellroy Transit Workpack 20L
2025-05-04T09:00:03.526Z - Successfully scraped Bellroy Venture Backpack
2025-05-04T09:00:53.431Z - Successfully scraped Bellroy Weekender
2025-05-04T09:01:48.058Z - Successfully scraped Bellroy Weekender 35L
2025-05-04T09:02:40.136Z - Successfully scraped Bellroy Weekender Plus
2025-05-04T09:03:41.829Z - Successfully scraped Black Diamond Creek 20
2025-05-04T09:04:14.738Z - Successfully scraped Black Diamond Stonehauler 30
2025-05-04T09:04:43.096Z - Successfully scraped Black Diamond Stonehauler 45
2025-05-04T09:05:24.137Z - Successfully scraped Black Ember Citadel R2
2025-05-04T09:06:02.787Z - Successfully scraped Black Ember Forge Max
2025-05-04T09:06:50.426Z - Successfully scraped Boundary Supply Errant Pack
2025-05-04T09:07:32.800Z - Successfully scraped Boundary Supply Prima System
